Film 1 @3983.9s · Wingardium Leviosa (conf 76%) · Whisper hörte: "wing ard ium lev"
Film 1 @3994.6s · Wingardium Leviosa (conf 76%) · Whisper hörte: "wing ard ium lev"
Film 1 @4013.0s · Wingardium Leviosa (conf 76%) · Whisper hörte: "wing ard ium lev"
Film 1 @4287.4s · Wingardium Leviosa (conf 71%) · Whisper hörte: "ad ium lev iosa"
Film 1 @6837.9s · Petrificus Totalus (conf 76%) · Whisper hörte: "ific us total us"
Film 2 @895.6s · Vera Verto (conf 70%) · Whisper hörte: "very very"
Film 2 @1460.9s · Finite Incantatem (conf 71%) · Whisper hörte: "find the"
Film 2 @1845.8s · Expelliarmus (conf 70%) · Whisper hörte: "exp el us"
Film 2 @2913.3s · Vera Verto (conf 70%) · Whisper hörte: "fer ro ver to"
Film 2 @2925.9s · Vera Verto (conf 70%) · Whisper hörte: "fer ro ver to"
Film 2 @4073.6s · Serpensortia (conf 75%) · Whisper hörte: "ser pent sort"
Film 2 @4734.7s · Wingardium Leviosa (conf 76%) · Whisper hörte: "wing ard ium lev"
Film 4 @1049.6s · Point Me (conf 75%) · Whisper hörte: "join me"
Film 4 @1275.5s · Stupefy (conf 71%) · Whisper hörte: "stupid"
Film 4 @1471.8s · Imperio (conf 78%) · Whisper hörte: "imper ious"
Film 4 @1557.0s · Imperio (conf 78%) · Whisper hörte: "imper ious"
Film 4 @1595.0s · Crucio (conf 71%) · Whisper hörte: "cru cial"
Film 4 @2118.4s · Quietus (conf 71%) · Whisper hörte: "quiet"
Film 4 @2120.0s · Protego (conf 71%) · Whisper hörte: "protest"
Film 4 @2298.3s · Stupefy (conf 71%) · Whisper hörte: "stupid"
Film 4 @3215.3s · Avis (conf 75%) · Whisper hörte: "az is"
Film 4 @3414.0s · Protego (conf 71%) · Whisper hörte: "protect"
Film 4 @4092.2s · Point Me (conf 75%) · Whisper hörte: "join me"
Film 4 @4855.0s · Point Me (conf 75%) · Whisper hörte: "point of"
Film 4 @4913.2s · Point Me (conf 71%) · Whisper hörte: "point"
Film 4 @6709.5s · Point Me (conf 75%) · Whisper hörte: "point a"
Film 4 @7453.7s · Glacius (conf 71%) · Whisper hörte: "luci us"
Film 4 @8545.4s · Quietus (conf 71%) · Whisper hörte: "quiet"
Film 5 @2009.3s · Stupefy (conf 71%) · Whisper hörte: "stupid"
Film 5 @2441.6s · Stupefy (conf 71%) · Whisper hörte: "stupid"
Film 5 @3699.6s · Stupefy (conf 71%) · Whisper hörte: "st up ide"
Film 5 @3723.9s · Stupefy (conf 71%) · Whisper hörte: "st up ide"
Film 5 @3751.9s · Stupefy (conf 71%) · Whisper hörte: "st up ide"
Film 5 @4941.8s · Protego (conf 71%) · Whisper hörte: "protect"
Film 5 @5585.3s · Protego (conf 71%) · Whisper hörte: "pro k ago"
Film 6 @702.2s · Crucio (conf 71%) · Whisper hörte: "crucial"
Film 6 @1081.5s · Protego (conf 71%) · Whisper hörte: "protect"
Film 6 @1564.5s · Avis (conf 75%) · Whisper hörte: "aves"
Film 6 @3804.9s · Confundo (conf 75%) · Whisper hörte: "conf ound"
Film 6 @3920.8s · Oppugno (conf 71%) · Whisper hörte: "a pug no"
Film 6 @4324.4s · Protego (conf 71%) · Whisper hörte: "protect"
Film 6 @5979.6s · Vulnera Sanentur (conf 73%) · Whisper hörte: "val mera san ento"
Film 6 @5990.9s · Vulnera Sanentur (conf 73%) · Whisper hörte: "val mera san ento"
Film 6 @6822.2s · Protego (conf 71%) · Whisper hörte: "protect"
Film 6 @6974.5s · Avis (conf 75%) · Whisper hörte: "aves"
Film 6 @8495.3s · Incendio (conf 75%) · Whisper hörte: "intend to"
Film 7 @1257.1s · Protego (conf 71%) · Whisper hörte: "protect"
Film 7 @1684.7s · Erecto (conf 71%) · Whisper hörte: "here to"
Film 7 @1882.9s · Reducto (conf 71%) · Whisper hörte: "re up to"
Film 7 @2280.8s · Stupefy (conf 71%) · Whisper hörte: "stupid"
Film 7 @2617.0s · Incendio (conf 75%) · Whisper hörte: "intend to"
Film 7 @3650.4s · Stupefy (conf 71%) · Whisper hörte: "stupid"
Film 7 @4597.4s · Expecto Patronum (conf 73%) · Whisper hörte: "expectations"
Film 7 @6416.2s · Protego (conf 71%) · Whisper hörte: "wrote to"
Film 7 @6724.6s · Reducto (conf 71%) · Whisper hörte: "reluct"
Film 8 @581.4s · Finite Incantatem (conf 75%) · Whisper hörte: "find it he"
Film 8 @705.4s · Stupefy (conf 71%) · Whisper hörte: "stupid"
Film 8 @846.4s · Imperio (conf 75%) · Whisper hörte: "imperial"
Film 8 @964.4s · Imperio (conf 75%) · Whisper hörte: "imper ium"
Film 8 @1447.9s · Finite Incantatem (conf 71%) · Whisper hörte: "find the"
Film 8 @2184.5s · Finite Incantatem (conf 71%) · Whisper hörte: "i invite"
Film 8 @2506.4s · Finite Incantatem (conf 75%) · Whisper hörte: "finitely"
Film 8 @2542.3s · Protego (conf 71%) · Whisper hörte: "protect"
Film 8 @3344.7s · Stupefy (conf 71%) · Whisper hörte: "stupid"
Film 8 @3850.7s · Finite Incantatem (conf 71%) · Whisper hörte: "find the"
Film 8 @4748.0s · Protego (conf 71%) · Whisper hörte: "protect"
Film 8 @5649.1s · Bombarda (conf 75%) · Whisper hörte: "board a"
Film 8 @5967.4s · Stupefy (conf 71%) · Whisper hörte: "stupid"
